miaobaitiao/app/build/outputs/logs/manifest-merger-release-report.txt
-- Merging decision tree log ---
manifest
ADDED from src/main/AndroidManifest.xml:2:1-71:12
	package
		ADDED from src/main/AndroidManifest.xml:3:5-41
		INJECTED from src/main/AndroidManifest.xml
		INJECTED from src/main/AndroidManifest.xml
	android:versionName
		INJECTED from src/main/AndroidManifest.xml
		INJECTED from src/main/AndroidManifest.xml
	xmlns:android
		ADDED from src/main/AndroidManifest.xml:2:11-69
	android:versionCode
		INJECTED from src/main/AndroidManifest.xml
		INJECTED from src/main/AndroidManifest.xml
uses-permission#android.permission.READ_EXTERNAL_STORAGE
ADDED from src/main/AndroidManifest.xml:5:5-80
	android:name
		ADDED from src/main/AndroidManifest.xml:5:22-77
uses-permission#android.permission.ACCESS_NETWORK_STATE
ADDED from src/main/AndroidManifest.xml:6:5-79
	android:name
		ADDED from src/main/AndroidManifest.xml:6:22-76
uses-permission#android.permission.ACCESS_WIFI_STATE
ADDED from src/main/AndroidManifest.xml:7:5-76
	android:name
		ADDED from src/main/AndroidManifest.xml:7:22-73
uses-permission#android.permission.INTERNET
ADDED from src/main/AndroidManifest.xml:8:5-67
	android:name
		ADDED from src/main/AndroidManifest.xml:8:22-64
uses-permission#android.permission.READ_PHONE_STATE
ADDED from src/main/AndroidManifest.xml:9:5-75
	android:name
		ADDED from src/main/AndroidManifest.xml:9:22-72
uses-permission#android.permission.WRITE_EXTERNAL_STORAGE
ADDED from src/main/AndroidManifest.xml:10:5-81
	android:name
		ADDED from src/main/AndroidManifest.xml:10:22-78
application
ADDED from src/main/AndroidManifest.xml:12:5-69:19
MERGED from [com.android.volley:volley:1.0.0] AndroidManifest.xml:9:5-20
MERGED from [me.majiajie:pager-bottom-tab-strip:1.0.0] AndroidManifest.xml:11:5-15:19
MERGED from [com.android.support:appcompat-v7:24.2.1] AndroidManifest.xml:25:5-20
MERGED from [com.android.support:support-v4:24.2.1] AndroidManifest.xml:25:5-20
MERGED from [com.android.support:support-compat:24.2.1] AndroidManifest.xml:25:5-20
MERGED from [com.android.support:support-media-compat:24.2.1] AndroidManifest.xml:25:5-20
MERGED from [com.android.support:support-core-utils:24.2.1] AndroidManifest.xml:25:5-20
MERGED from [com.android.support:support-core-ui:24.2.1] AndroidManifest.xml:25:5-20
MERGED from [com.android.support:support-fragment:24.2.1] AndroidManifest.xml:25:5-20
MERGED from [com.android.support:support-vector-drawable:24.2.1] AndroidManifest.xml:23:5-20
MERGED from [com.android.support:animated-vector-drawable:24.2.1] AndroidManifest.xml:22:5-20
	android:label
		ADDED from src/main/AndroidManifest.xml:16:9-41
	android:supportsRtl
		ADDED from [me.majiajie:pager-bottom-tab-strip:1.0.0] AndroidManifest.xml:14:9-35
	android:allowBackup
		ADDED from src/main/AndroidManifest.xml:14:9-35
	android:icon
		ADDED from src/main/AndroidManifest.xml:15:9-38
	android:theme
		ADDED from src/main/AndroidManifest.xml:17:9-44
	android:name
		ADDED from src/main/AndroidManifest.xml:13:9-64
activity#com.example.weimiaobaitiao.activity.WelcomActivity
ADDED from src/main/AndroidManifest.xml:19:9-27:20
	android:theme
		ADDED from src/main/AndroidManifest.xml:21:13-46
	android:name
		ADDED from src/main/AndroidManifest.xml:20:13-78
intent-filter#android.intent.action.MAIN+android.intent.category.LAUNCHER
ADDED from src/main/AndroidManifest.xml:22:13-26:29
action#android.intent.action.MAIN
ADDED from src/main/AndroidManifest.xml:23:17-69
	android:name
		ADDED from src/main/AndroidManifest.xml:23:25-66
category#android.intent.category.LAUNCHER
ADDED from src/main/AndroidManifest.xml:25:17-77
	android:name
		ADDED from src/main/AndroidManifest.xml:25:27-74
activity#com.example.weimiaobaitiao.activity.LoginActivity
ADDED from src/main/AndroidManifest.xml:28:9-30:35
	android:label
		ADDED from src/main/AndroidManifest.xml:30:13-32
	android:name
		ADDED from src/main/AndroidManifest.xml:29:13-77
activity#com.example.weimiaobaitiao.activity.SetPasswordActivity
ADDED from src/main/AndroidManifest.xml:31:9-33:36
	android:label
		ADDED from src/main/AndroidManifest.xml:33:13-33
	android:name
		ADDED from src/main/AndroidManifest.xml:32:13-83
activity#com.example.weimiaobaitiao.activity.MainActivity
ADDED from src/main/AndroidManifest.xml:34:9-36:34
	android:label
		ADDED from src/main/AndroidManifest.xml:36:13-31
	android:name
		ADDED from src/main/AndroidManifest.xml:35:13-76
activity#com.example.weimiaobaitiao.activity.AddOutAccountActivity
ADDED from src/main/AndroidManifest.xml:37:9-39:36
	android:label
		ADDED from src/main/AndroidManifest.xml:39:13-33
	android:name
		ADDED from src/main/AndroidManifest.xml:38:13-85
activity#com.example.weimiaobaitiao.activity.OutAccountInfoActivity
ADDED from src/main/AndroidManifest.xml:40:9-42:36
	android:label
		ADDED from src/main/AndroidManifest.xml:42:13-33
	android:name
		ADDED from src/main/AndroidManifest.xml:41:13-86
activity#com.example.weimiaobaitiao.activity.AddInAccountActivity
ADDED from src/main/AndroidManifest.xml:43:9-45:36
	android:label
		ADDED from src/main/AndroidManifest.xml:45:13-33
	android:name
		ADDED from src/main/AndroidManifest.xml:44:13-84
activity#com.example.weimiaobaitiao.activity.InAccountInfoActivity
ADDED from src/main/AndroidManifest.xml:46:9-48:36
	android:label
		ADDED from src/main/AndroidManifest.xml:48:13-33
	android:name
		ADDED from src/main/AndroidManifest.xml:47:13-85
activity#com.example.weimiaobaitiao.activity.SystemSetActivity
ADDED from src/main/AndroidManifest.xml:49:9-51:36
	android:label
		ADDED from src/main/AndroidManifest.xml:51:13-33
	android:name
		ADDED from src/main/AndroidManifest.xml:50:13-81
activity#com.example.weimiaobaitiao.activity.AccountFlagActivity
ADDED from src/main/AndroidManifest.xml:52:9-54:36
	android:label
		ADDED from src/main/AndroidManifest.xml:54:13-33
	android:name
		ADDED from src/main/AndroidManifest.xml:53:13-83
activity#com.example.weimiaobaitiao.activity.ShowAccountInfoActivity
ADDED from src/main/AndroidManifest.xml:55:9-57:36
	android:label
		ADDED from src/main/AndroidManifest.xml:57:13-33
	android:name
		ADDED from src/main/AndroidManifest.xml:56:13-87
meta-data#UMENG_APPKEY
ADDED from src/main/AndroidManifest.xml:58:9-60:56
	android:value
		ADDED from src/main/AndroidManifest.xml:60:13-53
	android:name
		ADDED from src/main/AndroidManifest.xml:59:13-40
meta-data#UMENG_CHANNEL
ADDED from src/main/AndroidManifest.xml:61:9-63:37
	android:value
		ADDED from src/main/AndroidManifest.xml:63:13-34
	android:name
		ADDED from src/main/AndroidManifest.xml:62:13-41
activity#com.example.weimiaobaitiao.activity.Main2Activity
ADDED from src/main/AndroidManifest.xml:65:9-66:50
	android:theme
		ADDED from src/main/AndroidManifest.xml:66:13-48
	android:name
		ADDED from src/main/AndroidManifest.xml:65:19-83
activity#com.example.weimiaobaitiao.activity.GuideActivity
ADDED from src/main/AndroidManifest.xml:67:9-68:53
	android:theme
		ADDED from src/main/AndroidManifest.xml:68:13-51
	android:name
		ADDED from src/main/AndroidManifest.xml:67:19-83
uses-sdk
INJECTED from src/main/AndroidManifest.xml reason: use-sdk injection requested
MERGED from [cn.bingoogolapple:bga-banner:2.1.6] AndroidManifest.xml:6:5-8:41
MERGED from [com.android.volley:volley:1.0.0] AndroidManifest.xml:7:5-43
MERGED from [me.majiajie:pager-bottom-tab-strip:1.0.0] AndroidManifest.xml:7:5-9:41
MERGED from [com.android.support:appcompat-v7:24.2.1] AndroidManifest.xml:21:5-23:78
MERGED from [com.android.support:support-v4:24.2.1] AndroidManifest.xml:21:5-23:54
MERGED from [com.android.support:support-compat:24.2.1] AndroidManifest.xml:21:5-23:58
MERGED from [com.android.support:support-media-compat:24.2.1] AndroidManifest.xml:21:5-23:63
MERGED from [com.android.support:support-core-utils:24.2.1] AndroidManifest.xml:21:5-23:61
MERGED from [com.android.support:support-core-ui:24.2.1] AndroidManifest.xml:21:5-23:58
MERGED from [com.android.support:support-fragment:24.2.1] AndroidManifest.xml:21:5-23:60
MERGED from [com.android.support:support-vector-drawable:24.2.1] AndroidManifest.xml:21:5-43
MERGED from [com.android.support:animated-vector-drawable:24.2.1] AndroidManifest.xml:20:5-44
	tools:overrideLibrary
		ADDED from [com.android.support:appcompat-v7:24.2.1] AndroidManifest.xml:23:9-75
	android:targetSdkVersion
		INJECTED from src/main/AndroidManifest.xml
		INJECTED from src/main/AndroidManifest.xml
	android:minSdkVersion
		INJECTED from src/main/AndroidManifest.xml
		INJECTED from src/main/AndroidManifest.xml